app/build/outputs/mapping/release/seeds.txt
com.careline.webtoapk.MediaPlaybackService
com.careline.webtoapk.PushServiceImpl
com.careline.webtoapk.MainActivity
com.careline.webtoapk.MainActivity$WebAppInterface: boolean hasNotificationPermission()
com.careline.webtoapk.MainActivity$WebAppInterface: void unifiedPushUnregister()
com.careline.webtoapk.MainActivity: MainActivity()
com.careline.webtoapk.MainActivity$WebAppInterface: void showNotification(java.lang.String,java.lang.String)
com.careline.webtoapk.UserScriptManager$UserScript: UserScriptManager$UserScript()
com.careline.webtoapk.PushServiceImpl: PushServiceImpl()
com.careline.webtoapk.MainActivity$WebAppInterface: void requestNotificationPermission()
com.careline.webtoapk.MainActivity$WebAppInterface: void unifiedPushSubscribe(java.lang.String)
com.careline.webtoapk.MainActivity$WebAppInterface: void updateMediaPositionState(double,double,double)
com.careline.webtoapk.MainActivity$WebAppInterface: void setMediaActionHandlers(java.lang.String[])
com.careline.webtoapk.MainActivity$WebAppInterface: void showLongToast(java.lang.String)
com.careline.webtoapk.MainActivity$WebAppInterface: java.lang.String getNotificationPermissionState()
com.careline.webtoapk.MainActivity$WebAppInterface: void updateMediaPlaybackState(java.lang.String)
com.careline.webtoapk.MainActivity$WebAppInterface: void updateMediaMetadata(java.lang.String,java.lang.String,java.lang.String,java.lang.String)
com.careline.webtoapk.MainActivity: void tryAgain(android.view.View)
com.careline.webtoapk.MediaPlaybackService: MediaPlaybackService()
com.careline.webtoapk.MainActivity$WebAppInterface: void showShortToast(java.lang.String)
com.careline.webtoapk.MainActivity$WebAppInterface: void share(java.lang.String,java.lang.String,java.lang.String)
com.careline.webtoapk.MainActivity$WebAppInterface: java.lang.String getUnifiedPushSubscriptionJson()
...
androidx.appcompat.widget.ScrollingTabContainerView: void setContentHeight(int)
androidx.appcompat.widget.Toolbar: android.graphics.drawable.Drawable getOverflowIcon()
androidx.vectordrawable.graphics.drawable.VectorDrawableCompat$VFullPath: void setTrimPathEnd(float)
androidx.core.app.RemoteActionCompatParcelizer: RemoteActionCompatParcelizer()
androidx.appcompat.widget.ActionBarOverlayLayout: void setIcon(int)
kotlin.coroutines.AbstractCoroutineContextElement: AbstractCoroutineContextElement(kotlin.coroutines.CoroutineContext$Key)
androidx.core.view.WindowInsetsCompat$Impl21: androidx.core.view.WindowInsetsCompat consumeSystemWindowInsets()
android.support.v4.media.session.PlaybackStateCompat$Api21Impl: void setExtras(android.media.session.PlaybackState$CustomAction$Builder,android.os.Bundle)
androidx.vectordrawable.graphics.drawable.VectorDrawableCompat$VFullPath: void setTrimPathStart(float)
androidx.core.app.ActivityCompat$Api16Impl: void startIntentSenderForResult(android.app.Activity,android.content.IntentSender,int,android.content.Intent,int,int,int,android.os.Bundle)
androidx.appcompat.widget.AppCompatImageView: void setImageResource(int)
androidx.core.widget.CompoundButtonCompat$Api21Impl: android.content.res.ColorStateList getButtonTintList(android.widget.CompoundButton)
androidx.core.view.MarginLayoutParamsCompat$Api17Impl: int getMarginEnd(android.view.ViewGroup$MarginLayoutParams)
androidx.appcompat.widget.AppCompatToggleButton: void setBackgroundDrawable(android.graphics.drawable.Drawable)
androidx.appcompat.widget.AppCompatRadioButton: android.graphics.PorterDuff$Mode getSupportCompoundDrawablesTintMode()
androidx.appcompat.resources.Compatibility$Api18Impl: void setAutoCancel(android.animation.ObjectAnimator,boolean)
androidx.appcompat.widget.DropDownListView: void setSelector(android.graphics.drawable.Drawable)
androidx.appcompat.widget.ViewStubCompat: void setOnInflateListener(androidx.appcompat.widget.ViewStubCompat$OnInflateListener)
androidx.core.view.WindowInsetsCompat$Impl21: androidx.core.view.WindowInsetsCompat consumeStableInsets()
androidx.core.content.res.ResourcesCompat$Api21Impl: android.graphics.drawable.Drawable getDrawable(android.content.res.Resources,int,android.content.res.Resources$Theme)
androidx.appcompat.widget.AppCompatAutoCompleteTextView: void setSupportBackgroundTintMode(android.graphics.PorterDuff$Mode)
android.support.v4.media.MediaDescriptionCompat$Api21Impl: void setDescription(android.media.MediaDescription$Builder,java.lang.CharSequence)
androidx.appcompat.widget.AppCompatButton: int getAutoSizeMaxTextSize()
kotlinx.coroutines.scheduling.CoroutineScheduler$WorkerState: kotlinx.coroutines.scheduling.CoroutineScheduler$WorkerState valueOf(java.lang.String)
androidx.emoji2.text.ConcurrencyHelpers$Handler28Impl: android.os.Handler createAsync(android.os.Looper)
androidx.core.app.RemoteActionCompat: RemoteActionCompat()
androidx.appcompat.widget.Toolbar: void setTitleMarginEnd(int)
androidx.core.view.WindowInsetsCompat$Impl20: androidx.core.graphics.Insets getRootStableInsets()
kotlin.jvm.internal.PropertyReference: PropertyReference()
android.support.v4.media.RatingCompat$Api19Impl: boolean isThumbUp(android.media.Rating)
androidx.core.view.WindowInsetsCompat$Impl: void setOverriddenInsets(androidx.core.graphics.Insets[])
androidx.appcompat.widget.ActionBarContextView: int getContentHeight()
androidx.activity.ComponentActivity$NonConfigurationInstances: ComponentActivity$NonConfigurationInstances()
androidx.appcompat.widget.AbsActionBarView: void setVisibility(int)
androidx.appcompat.widget.AppCompatCheckedTextView: void setSupportCheckMarkTintList(android.content.res.ColorStateList)
androidx.vectordrawable.graphics.drawable.VectorDrawableCompat$VFullPath: float getStrokeWidth()
androidx.lifecycle.ReportFragment$LifecycleCallbacks: void onActivityPrePaused(android.app.Activity)
androidx.core.view.ViewCompat$Api16Impl: boolean hasOverlappingRendering(android.view.View)