app/build/outputs/mapping/release/mapping.txt
# compiler: R8
# compiler_version: 3.3.70
# min_api: 24
# common_typos_disable
# {"id":"com.android.tools.r8.mapping","version":"2.0"}
# pg_map_id: 7dc96be
# pg_map_hash: SHA-256 7dc96be4f0cfe3482b3848a81fe7b50f5068461b38ebf142e0fa08619c3f09eb
com.careline.webtoapk.MainActivity -> com.careline.webtoapk.MainActivity:
    boolean openExternalLinksInBrowser -> N
    android.content.BroadcastReceiver mediaActionReceiver -> I
    android.webkit.WebView webview -> x
    boolean DebugWebView -> a0
    boolean doubleBackToExitPressedOnce -> b0
    boolean allowSubdomains -> L
    boolean DomStorageEnabled -> V
    java.lang.String basicAuth -> Q
    boolean SavePassword -> X
    boolean JSEnabled -> T
    boolean AllowFileAccessFromFileURLs -> Z
    boolean errorOccurred -> E
    android.view.View mainLayout -> B
    boolean enableExternalLinks -> M
    int $r8$clinit -> c0
    boolean confirmOpenInBrowser -> O
    android.view.animation.Animation fadeInAnimation -> A
    android.content.BroadcastReceiver unifiedPushEndpointReceiver -> H
    java.lang.String mainURL -> J
    boolean requireDoubleBackToExit -> K
    com.careline.webtoapk.UserScriptManager userScriptManager -> y
    boolean JSCanOpenWindowsAutomatically -> U
    android.webkit.ValueCallback mFilePathCallback -> F
    boolean DatabaseEnabled -> W
    java.lang.String cookies -> P
    java.lang.String userAgent -> R
    boolean blockLocalhostRequests -> S
    android.view.ViewGroup parentLayout -> D
    boolean AllowFileAccess -> Y
    android.view.View errorLayout -> C
    androidx.activity.result.ActivityResultLauncher fileChooserLauncher -> G
    android.widget.ProgressBar spinner -> z
com.careline.webtoapk.MainActivity$$ExternalSyntheticLambda0 -> s0.a:
# {"id":"sourceFile","fileName":"R8$$SyntheticClass"}
# {"id":"com.android.tools.r8.synthesized"}
    com.careline.webtoapk.MainActivity com.careline.webtoapk.MainActivity$$InternalSyntheticLambda$1$316a442a5fe5c3f4a28f6752353456c1f4b1dcedd30e202c0161deee18a7ae16$1.f$0 -> a
    0:65535:void com.careline.webtoapk.MainActivity$$InternalSyntheticLambda$1$316a442a5fe5c3f4a28f6752353456c1f4b1dcedd30e202c0161deee18a7ae16$1.<init>(com.careline.webtoapk.MainActivity):0:0 -> <init>
    0:65535:void com.careline.webtoapk.MainActivity$$InternalSyntheticLambda$1$316a442a5fe5c3f4a28f6752353456c1f4b1dcedd30e202c0161deee18a7ae16$1.$r8$init$synthetic(android.view.KeyEvent$Callback):0 -> <init>
      # {"id":"com.android.tools.r8.synthesized"}
    10:16:androidx.core.graphics.Insets androidx.core.view.WindowInsetsCompat.getInsets(int):0:0 -> a
    10:16:androidx.core.view.WindowInsetsCompat com.careline.webtoapk.MainActivity.lambda$onCreate$1(android.view.View,androidx.core.view.WindowInsetsCompat):0 -> a
    10:16:androidx.core.view.WindowInsetsCompat com.careline.webtoapk.MainActivity$$InternalSyntheticLambda$1$316a442a5fe5c3f4a28f6752353456c1f4b1dcedd30e202c0161deee18a7ae16$2.onApplyWindowInsets(android.view.View,androidx.core.view.WindowInsetsCompat):0 -> a
      # {"id":"com.android.tools.r8.synthesized"}
com.careline.webtoapk.MainActivity$1 -> com.careline.webtoapk.MainActivity$a:
    com.careline.webtoapk.MainActivity this$0 -> a
com.careline.webtoapk.MainActivity$2 -> com.careline.webtoapk.MainActivity$b:
    com.careline.webtoapk.MainActivity this$0 -> a
    int $r8$clinit -> b
com.careline.webtoapk.MainActivity$3 -> com.careline.webtoapk.MainActivity$c:
    com.careline.webtoapk.MainActivity this$0 -> a
    0:65535:void com.careline.webtoapk.MainActivity.executeMediaActionInWebView(java.lang.String):0:0 -> onReceive
    0:65535:void onReceive(android.content.Context,android.content.Intent):0 -> onReceive
...
androidx.fragment.app.Fragment -> androidx.fragment.app.g:
    boolean mRemoving -> m
    java.lang.String mWho -> f
    androidx.lifecycle.LifecycleRegistry mLifecycleRegistry -> L
    androidx.savedstate.SavedStateRegistryController mSavedStateRegistryController -> O
    boolean mInLayout -> o
    android.os.Bundle mSavedFragmentState -> c
    int mTargetRequestCode -> j
    java.lang.Boolean mIsPrimaryNavigationFragment -> k
    boolean mIsCreated -> J
    android.os.Bundle mSavedViewRegistryState -> e
    android.os.Bundle mArguments -> g
    androidx.fragment.app.Fragment$AnimationInfo mAnimationInfo -> H
    java.lang.Object USE_DEFAULT_TRANSITION -> Q
    int mState -> b
    boolean mPerformedCreateView -> q
    androidx.fragment.app.FragmentHostCallback mHost -> t
    android.util.SparseArray mSavedViewState -> d
    android.view.ViewGroup mContainer -> E
    androidx.lifecycle.MutableLiveData mViewLifecycleOwnerLiveData -> N
    int mFragmentId -> w
    boolean mUserVisibleHint -> G
    boolean mDetached -> A
    boolean mMenuVisible -> C
    androidx.lifecycle.Lifecycle$State mMaxState -> K
    java.util.ArrayList mOnPreAttachedListeners -> P
    androidx.fragment.app.Fragment mTarget -> h
    boolean mFromLayout -> n
    java.lang.String mTargetWho -> i
    boolean mRestored -> p
    boolean mHiddenChanged -> I
    boolean mAdded -> l
    androidx.fragment.app.Fragment mParentFragment -> v
    androidx.fragment.app.FragmentManager mFragmentManager -> s
androidx.fragment.app.Fragment$4 -> androidx.fragment.app.f:
    androidx.fragment.app.Fragment this$0 -> b
    10:10:android.view.View onFindViewById(int):0:0 -> e
      # {"id":"com.android.tools.r8.outlineCallsite","positions":{"1":32,"3":33,"6":34}}
    32:32:android.view.View onFindViewById(int):0:0 -> e
    33:33:android.view.View onFindViewById(int):0:0 -> e
    34:34:android.view.View onFindViewById(int):0:0 -> e
    11:31:android.view.View onFindViewById(int):0:0 -> e
    boolean onHasView() -> g
androidx.fragment.app.Fragment$5 -> androidx.fragment.app.Fragment$5:
    androidx.fragment.app.Fragment this$0 -> a
    void onStateChanged(androidx.lifecycle.LifecycleOwner,androidx.lifecycle.Lifecycle$Event) -> g
androidx.fragment.app.Fragment$AnimationInfo -> androidx.fragment.app.g$a:
    java.lang.Object mReenterTransition -> h
    java.lang.Object mSharedElementReturnTransition -> i
    android.view.View mFocusedView -> j
    java.lang.Object mReturnTransition -> g
    int mNextTransition -> f
    int mPopEnterAnim -> d
    int mPopExitAnim -> e
    boolean mIsPop -> a
    int mEnterAnim -> b
    int mExitAnim -> c
androidx.fragment.app.Fragment$InstantiationException -> androidx.fragment.app.g$b:
androidx.fragment.app.Fragment$OnPreAttachedListener -> androidx.fragment.app.g$c:
    void onPreAttached() -> a