app/build/outputs/mapping/release/usage.txt
com.careline.webtoapk.BuildConfig
com.careline.webtoapk.MainActivity:
    private static final int LOCATION_PERMISSION_REQUEST_CODE
    private static final java.lang.String NOTIFICATION_CHANNEL_ID
    private static final java.lang.String NOTIFICATION_CHANNEL_NAME
    private static final int NOTIFICATION_PERMISSION_REQUEST_CODE
com.careline.webtoapk.MediaPlaybackService:
    public static final java.lang.String ACTION_NEXT
    public static final java.lang.String ACTION_PAUSE
    public static final java.lang.String ACTION_PLAY
    public static final java.lang.String ACTION_PREVIOUS
    public static final java.lang.String ACTION_SET_HANDLERS
    public static final java.lang.String ACTION_STOP_SERVICE
    public static final java.lang.String ACTION_UPDATE_METADATA
    public static final java.lang.String ACTION_UPDATE_POSITION
    public static final java.lang.String ACTION_UPDATE_STATE
    public static final java.lang.String BROADCAST_MEDIA_ACTION
    public static final java.lang.String EXTRA_MEDIA_ACTION
    public static final java.lang.String NOTIFICATION_CHANNEL_ID
    private static final int NOTIFICATION_ID
com.careline.webtoapk.PushServiceImpl:
    private static final java.lang.String NOTIFICATION_CHANNEL_ID
    private static final java.lang.String NOTIFICATION_CHANNEL_NAME
com.careline.webtoapk.R$anim
com.careline.webtoapk.R$animator
com.careline.webtoapk.R$attr
com.careline.webtoapk.R$bool
com.careline.webtoapk.R$color
com.careline.webtoapk.R$dimen
com.careline.webtoapk.R$drawable
com.careline.webtoapk.R$id
com.careline.webtoapk.R$integer
com.careline.webtoapk.R$interpolator
com.careline.webtoapk.R$layout
com.careline.webtoapk.R$mipmap
com.careline.webtoapk.R$string
com.careline.webtoapk.R$style
com.careline.webtoapk.R$styleable
com.careline.webtoapk.R$xml
com.careline.webtoapk.R
com.careline.webtoapk.MainActivity$$InternalSyntheticApiModelOutline$1$316a442a5fe5c3f4a28f6752353456c1f4b1dcedd30e202c0161deee18a7ae16$0
com.careline.webtoapk.MainActivity$$InternalSyntheticLambda$1$316a442a5fe5c3f4a28f6752353456c1f4b1dcedd30e202c0161deee18a7ae16$2
com.careline.webtoapk.MainActivity$$InternalSyntheticLambda$3$32ecba3773de5dba417205b9877a307d5e559f3b822b1c4430536f08f56b24fc$0
com.careline.webtoapk.MainActivity$2$$InternalSyntheticLambda$2$41a8244d723fd3cdbdb3c9a4c48fc7d3e07c5a8142a44d9b9008c58c90190522$0
com.careline.webtoapk.MainActivity$4$$InternalSyntheticLambda$4$0508b26a99f590c41196e441996bc969aab673ed34f8957079919682ed4f354f$0
com.careline.webtoapk.MainActivity$4:
    public static kotlin.Unit invoke()
com.careline.webtoapk.MainActivity$CustomWebChrome$1:
    public final synthetic com.careline.webtoapk.MainActivity$CustomWebChrome this$1
com.careline.webtoapk.MainActivity$CustomWebChrome$2:
    public final synthetic com.careline.webtoapk.MainActivity$CustomWebChrome this$1
com.careline.webtoapk.MainActivity$CustomWebChrome$3:
    public final synthetic com.careline.webtoapk.MainActivity$CustomWebChrome this$1
com.careline.webtoapk.MainActivity$CustomWebChrome$4:
    public final synthetic com.careline.webtoapk.MainActivity$CustomWebChrome this$1
com.careline.webtoapk.MainActivity$CustomWebChrome$5:
    public final synthetic com.careline.webtoapk.MainActivity$CustomWebChrome this$1
com.careline.webtoapk.MainActivity$CustomWebChrome-IA
com.careline.webtoapk.MainActivity$CustomWebViewClient$1:
    public final synthetic com.careline.webtoapk.MainActivity$CustomWebViewClient this$1
com.careline.webtoapk.MainActivity$CustomWebViewClient$2:
    public final synthetic com.careline.webtoapk.MainActivity$CustomWebViewClient this$1
com.careline.webtoapk.MainActivity$CustomWebViewClient$3:
    public final synthetic com.careline.webtoapk.MainActivity$CustomWebViewClient this$1
com.careline.webtoapk.MainActivity$CustomWebViewClient$4:
    public final synthetic com.careline.webtoapk.MainActivity$CustomWebViewClient this$1
com.careline.webtoapk.MainActivity$CustomWebViewClient$5
...
kotlin.jvm.internal.FunctionAdapter
kotlin.jvm.internal.FunctionBase:
    public abstract int getArity()
kotlin.jvm.internal.FunctionImpl
kotlin.jvm.internal.FunctionReference
kotlin.jvm.internal.FunctionReferenceImpl
kotlin.jvm.internal.InlineMarker
kotlin.jvm.internal.IntCompanionObject
kotlin.jvm.internal.IntSpreadBuilder
kotlin.jvm.internal.Intrinsics$Kotlin
kotlin.jvm.internal.Intrinsics:
    public static boolean areEqual(double,java.lang.Double)
    public static boolean areEqual(float,java.lang.Float)
    public static boolean areEqual(java.lang.Double,double)
    public static boolean areEqual(java.lang.Double,java.lang.Double)
    public static boolean areEqual(java.lang.Float,float)
    public static boolean areEqual(java.lang.Float,java.lang.Float)
    public static void checkExpressionValueIsNotNull(java.lang.Object,java.lang.String)
    public static void checkFieldIsNotNull(java.lang.Object,java.lang.String)
    public static void checkFieldIsNotNull(java.lang.Object,java.lang.String,java.lang.String)
    public static void checkHasClass(java.lang.String)
    public static void checkHasClass(java.lang.String,java.lang.String)
    public static void checkParameterIsNotNull(java.lang.Object,java.lang.String)
    public static void checkReturnedValueIsNotNull(java.lang.Object,java.lang.String)
    public static void checkReturnedValueIsNotNull(java.lang.Object,java.lang.String,java.lang.String)
    public static int compare(long,long)
    public static void needClassReification()
    public static void needClassReification(java.lang.String)
    public static void reifiedOperationMarker(int,java.lang.String)
    public static void reifiedOperationMarker(int,java.lang.String,java.lang.String)
    public static void throwAssert()
    public static void throwAssert(java.lang.String)
kotlin.jvm.internal.KTypeBase
kotlin.jvm.internal.Lambda:
    public int getArity()
kotlin.jvm.internal.LocalVariableReference
kotlin.jvm.internal.LocalVariableReferencesKt
kotlin.jvm.internal.LongCompanionObject
kotlin.jvm.internal.LongSpreadBuilder
kotlin.jvm.internal.MagicApiIntrinsics
kotlin.jvm.internal.MutableLocalVariableReference
kotlin.jvm.internal.MutablePropertyReference0
kotlin.jvm.internal.MutablePropertyReference0Impl
kotlin.jvm.internal.MutablePropertyReference1
kotlin.jvm.internal.MutablePropertyReference1Impl
kotlin.jvm.internal.MutablePropertyReference2
kotlin.jvm.internal.MutablePropertyReference2Impl
kotlin.jvm.internal.MutablePropertyReference
kotlin.jvm.internal.PackageReference:
    public java.util.Collection getMembers()
kotlin.jvm.internal.PrimitiveSpreadBuilder
kotlin.jvm.internal.PropertyReference0:
    public void <init>()
    public void <init>(java.lang.Object)
    public java.lang.Object getDelegate()
    public synthetic bridge kotlin.reflect.KProperty$Getter getGetter()
    public kotlin.reflect.KProperty0$Getter getGetter()
kotlin.jvm.internal.PropertyReference0Impl:
    public void <init>(java.lang.Class,java.lang.String,java.lang.String,int)
    public void <init>(kotlin.reflect.KDeclarationContainer,java.lang.String,java.lang.String)
    public java.lang.Object get()
kotlin.jvm.internal.PropertyReference1
kotlin.jvm.internal.PropertyReference1Impl
kotlin.jvm.internal.PropertyReference2
kotlin.jvm.internal.PropertyReference2Impl
kotlin.jvm.internal.PropertyReference:
    public void <init>(java.lang.Object)
    protected synthetic bridge kotlin.reflect.KCallable getReflected()
    protected kotlin.reflect.KProperty getReflected()
    public boolean isConst()
    public boolean isLateinit()
kotlin.jvm.internal.Ref$BooleanRef
kotlin.jvm.internal.Ref$ByteRef
kotlin.jvm.internal.Ref$CharRef
kotlin.jvm.internal.Ref$DoubleRef
kotlin.jvm.internal.Ref$FloatRef
kotlin.jvm.internal.Ref$IntRef
kotlin.jvm.internal.Ref$LongRef
kotlin.jvm.internal.Ref$ObjectRef
kotlin.jvm.internal.Ref$ShortRef
kotlin.jvm.internal.Ref